# JRE version: Java(TM) SE Runtime Environment (24.0.1+9) (build 24.0.1+9-30)
# Java VM: Java HotSpot(TM) 64-Bit Server VM (24.0.1+9-30, mixed mode, sharing, tiered, compressed oops, compressed class ptrs, g1 gc, windows-amd64)
GC Precious Log:
 CardTable entry size: 512
 Card Set container configuration: InlinePtr #cards 5 size 8 Array Of Cards #cards 10 size 36 Howl #buckets 4 coarsen threshold 1843 Howl Bitmap #cards 512 size 80 coarsen threshold 460 Card regions per heap region 1 cards per card region 2048
 CPUs: 8 total, 8 available
 Memory: 7834M
 Large Page Support: Disabled
 NUMA Support: Disabled
 Compressed Oops: Enabled (32-bit)
 Heap Region Size: 1M
 Heap Min Capacity: 8M
 Heap Initial Capacity: 124M
 Heap Max Capacity: 1960M
 Pre-touch: Disabled
 Parallel Workers: 8
 Concurrent Workers: 2
 Concurrent Refinement Workers: 8
 Periodic GC: Disabled
Heap:
 garbage-first heap   total reserved 2007040K, committed 73728K, used 60553K [0x0000000085800000, 0x0000000100000000)
  region size 1024K, 21 young (21504K), 2 survivors (2048K)
 Metaspace       used 88613K, committed 89344K, reserved 1179648K
  class space    used 9613K, committed 9920K, reserved 1048576K
GC Heap History (20 events):
Event: 12.165 GC heap before
{Heap before GC invocations=15 (full 0):
 garbage-first heap   total reserved 2007040K, committed 66560K, used 56384K [0x0000000085800000, 0x0000000100000000)
  region size 1024K, 28 young (28672K), 4 survivors (4096K)
 Metaspace       used 71840K, committed 72448K, reserved 1114112K
  class space    used 7616K, committed 7872K, reserved 1048576K
}
Event: 12.171 GC heap after
{Heap after GC invocations=16 (full 0):
 garbage-first heap   total reserved 2007040K, committed 66560K, used 34334K [0x0000000085800000, 0x0000000100000000)
  region size 1024K, 4 young (4096K), 4 survivors (4096K)
 Metaspace       used 71840K, committed 72448K, reserved 1114112K
  class space    used 7616K, committed 7872K, reserved 1048576K
}
Event: 12.953 GC heap before
{Heap before GC invocations=16 (full 0):
 garbage-first heap   total reserved 2007040K, committed 66560K, used 57886K [0x0000000085800000, 0x0000000100000000)
  region size 1024K, 27 young (27648K), 4 survivors (4096K)
 Metaspace       used 73871K, committed 74432K, reserved 1179648K
  class space    used 7836K, committed 8064K, reserved 1048576K
}
Event: 12.961 GC heap after
{Heap after GC invocations=17 (full 0):
 garbage-first heap   total reserved 2007040K, committed 66560K, used 36579K [0x0000000085800000, 0x0000000100000000)
  region size 1024K, 4 young (4096K), 4 survivors (4096K)
 Metaspace       used 73871K, committed 74432K, reserved 1179648K
  class space    used 7836K, committed 8064K, reserved 1048576K
}
Event: 13.746 GC heap before
{Heap before GC invocations=18 (full 0):
 garbage-first heap   total reserved 2007040K, committed 66560K, used 58083K [0x0000000085800000, 0x0000000100000000)
  region size 1024K, 25 young (25600K), 4 survivors (4096K)
 Metaspace       used 76198K, committed 76864K, reserved 1179648K
  class space    used 8160K, committed 8448K, reserved 1048576K
}
Event: 13.752 GC heap after
{Heap after GC invocations=19 (full 0):
 garbage-first heap   total reserved 2007040K, committed 66560K, used 38365K [0x0000000085800000, 0x0000000100000000)
  region size 1024K, 4 young (4096K), 4 survivors (4096K)
 Metaspace       used 76198K, committed 76864K, reserved 1179648K
  class space    used 8160K, committed 8448K, reserved 1048576K
}
Event: 14.546 GC heap before
{Heap before GC invocations=19 (full 0):
 garbage-first heap   total reserved 2007040K, committed 66560K, used 57821K [0x0000000085800000, 0x0000000100000000)
  region size 1024K, 23 young (23552K), 4 survivors (4096K)
 Metaspace       used 79116K, committed 79808K, reserved 1179648K
  class space    used 8536K, committed 8832K, reserved 1048576K
}
Event: 14.553 GC heap after
{Heap after GC invocations=20 (full 0):
 garbage-first heap   total reserved 2007040K, committed 66560K, used 39683K [0x0000000085800000, 0x0000000100000000)
  region size 1024K, 2 young (2048K), 2 survivors (2048K)
 Metaspace       used 79116K, committed 79808K, reserved 1179648K
  class space    used 8536K, committed 8832K, reserved 1048576K
}
Event: 15.084 GC heap before
{Heap before GC invocations=20 (full 0):
 garbage-first heap   total reserved 2007040K, committed 66560K, used 60163K [0x0000000085800000, 0x0000000100000000)
  region size 1024K, 22 young (22528K), 2 survivors (2048K)
 Metaspace       used 80768K, committed 81408K, reserved 1179648K
  class space    used 8894K, committed 9152K, reserved 1048576K
}
Event: 15.088 GC heap after
{Heap after GC invocations=21 (full 0):
 garbage-first heap   total reserved 2007040K, committed 66560K, used 40855K [0x0000000085800000, 0x0000000100000000)
  region size 1024K, 2 young (2048K), 2 survivors (2048K)
 Metaspace       used 80768K, committed 81408K, reserved 1179648K
  class space    used 8894K, committed 9152K, reserved 1048576K
}
Event: 19.309 GC heap before
{Heap before GC invocations=22 (full 0):
 garbage-first heap   total reserved 2007040K, committed 70656K, used 58263K [0x0000000085800000, 0x0000000100000000)
  region size 1024K, 20 young (20480K), 2 survivors (2048K)
 Metaspace       used 83370K, committed 84160K, reserved 1179648K
  class space    used 9184K, committed 9536K, reserved 1048576K
}
Event: 19.312 GC heap after
{Heap after GC invocations=23 (full 0):
 garbage-first heap   total reserved 2007040K, committed 70656K, used 41436K [0x0000000085800000, 0x0000000100000000)
  region size 1024K, 2 young (2048K), 2 survivors (2048K)
 Metaspace       used 83370K, committed 84160K, reserved 1179648K
  class space    used 9184K, committed 9536K, reserved 1048576K
}
Event: 241.031 GC heap before
{Heap before GC invocations=23 (full 0):
 garbage-first heap   total reserved 2007040K, committed 70656K, used 62940K [0x0000000085800000, 0x0000000100000000)
  region size 1024K, 24 young (24576K), 2 survivors (2048K)
 Metaspace       used 86200K, committed 86912K, reserved 1179648K
  class space    used 9491K, committed 9792K, reserved 1048576K
}
Event: 241.045 GC heap after
{Heap after GC invocations=24 (full 0):
 garbage-first heap   total reserved 2007040K, committed 70656K, used 42529K [0x0000000085800000, 0x0000000100000000)
  region size 1024K, 3 young (3072K), 3 survivors (3072K)
 Metaspace       used 86200K, committed 86912K, reserved 1179648K
  class space    used 9491K, committed 9792K, reserved 1048576K
}
Event: 1093.629 GC heap before
{Heap before GC invocations=24 (full 0):
 garbage-first heap   total reserved 2007040K, committed 70656K, used 61985K [0x0000000085800000, 0x0000000100000000)
  region size 1024K, 23 young (23552K), 3 survivors (3072K)
 Metaspace       used 87620K, committed 88320K, reserved 1179648K
  class space    used 9593K, committed 9920K, reserved 1048576K
}
Event: 1093.708 GC heap after
{Heap after GC invocations=25 (full 0):
 garbage-first heap   total reserved 2007040K, committed 70656K, used 42947K [0x0000000085800000, 0x0000000100000000)
  region size 1024K, 1 young (1024K), 1 survivors (1024K)
 Metaspace       used 87620K, committed 88320K, reserved 1179648K
  class space    used 9593K, committed 9920K, reserved 1048576K
}
Event: 1723.362 GC heap before
{Heap before GC invocations=26 (full 0):
 garbage-first heap   total reserved 2007040K, committed 73728K, used 62403K [0x0000000085800000, 0x0000000100000000)
  region size 1024K, 21 young (21504K), 1 survivors (1024K)
 Metaspace       used 87918K, committed 88640K, reserved 1179648K
  class space    used 9606K, committed 9920K, reserved 1048576K
}
Event: 1723.421 GC heap after
{Heap after GC invocations=27 (full 0):
 garbage-first heap   total reserved 2007040K, committed 73728K, used 43163K [0x0000000085800000, 0x0000000100000000)
  region size 1024K, 2 young (2048K), 2 survivors (2048K)
 Metaspace       used 87918K, committed 88640K, reserved 1179648K
  class space    used 9606K, committed 9920K, reserved 1048576K
}
Event: 5203.494 GC heap before
{Heap before GC invocations=27 (full 0):
 garbage-first heap   total reserved 2007040K, committed 73728K, used 63643K [0x0000000085800000, 0x0000000100000000)
  region size 1024K, 23 young (23552K), 2 survivors (2048K)
 Metaspace       used 88257K, committed 89024K, reserved 1179648K
  class space    used 9612K, committed 9920K, reserved 1048576K
}
Event: 5203.539 GC heap after
{Heap after GC invocations=28 (full 0):
 garbage-first heap   total reserved 2007040K, committed 73728K, used 43145K [0x0000000085800000, 0x0000000100000000)
  region size 1024K, 2 young (2048K), 2 survivors (2048K)
 Metaspace       used 88257K, committed 89024K, reserved 1179648K
  class space    used 9612K, committed 9920K, reserved 1048576K
}

