# JRE version: Java(TM) SE Runtime Environment (24.0.1+9) (build 24.0.1+9-30)
# Java VM: Java HotSpot(TM) 64-Bit Server VM (24.0.1+9-30, mixed mode, sharing, tiered, compressed oops, compressed class ptrs, g1 gc, windows-amd64)
GC Precious Log:
 CardTable entry size: 512
 Card Set container configuration: InlinePtr #cards 5 size 8 Array Of Cards #cards 10 size 36 Howl #buckets 4 coarsen threshold 1843 Howl Bitmap #cards 512 size 80 coarsen threshold 460 Card regions per heap region 1 cards per card region 2048
 CPUs: 8 total, 8 available
 Memory: 7834M
 Large Page Support: Disabled
 NUMA Support: Disabled
 Compressed Oops: Enabled (32-bit)
 Heap Region Size: 1M
 Heap Min Capacity: 8M
 Heap Initial Capacity: 124M
 Heap Max Capacity: 1960M
 Pre-touch: Disabled
 Parallel Workers: 8
 Concurrent Workers: 2
 Concurrent Refinement Workers: 8
 Periodic GC: Disabled
Heap:
 garbage-first heap   total reserved 2007040K, committed 73728K, used 47383K [0x0000000085800000, 0x0000000100000000)
  region size 1024K, 7 young (7168K), 2 survivors (2048K)
 Metaspace       used 86809K, committed 87680K, reserved 1179648K
  class space    used 9304K, committed 9664K, reserved 1048576K
GC Heap History (20 events):
Event: 8.679 GC heap before
{Heap before GC invocations=13 (full 0):
 garbage-first heap   total reserved 2007040K, committed 73728K, used 63733K [0x0000000085800000, 0x0000000100000000)
  region size 1024K, 35 young (35840K), 2 survivors (2048K)
 Metaspace       used 64985K, committed 65536K, reserved 1114112K
  class space    used 6782K, committed 7040K, reserved 1048576K
}
Event: 8.684 GC heap after
{Heap after GC invocations=14 (full 0):
 garbage-first heap   total reserved 2007040K, committed 73728K, used 31703K [0x0000000085800000, 0x0000000100000000)
  region size 1024K, 4 young (4096K), 4 survivors (4096K)
 Metaspace       used 64985K, committed 65536K, reserved 1114112K
  class space    used 6782K, committed 7040K, reserved 1048576K
}
Event: 9.249 GC heap before
{Heap before GC invocations=14 (full 0):
 garbage-first heap   total reserved 2007040K, committed 73728K, used 63447K [0x0000000085800000, 0x0000000100000000)
  region size 1024K, 35 young (35840K), 4 survivors (4096K)
 Metaspace       used 69107K, committed 69696K, reserved 1114112K
  class space    used 7250K, committed 7488K, reserved 1048576K
}
Event: 9.254 GC heap after
{Heap after GC invocations=15 (full 0):
 garbage-first heap   total reserved 2007040K, committed 73728K, used 33748K [0x0000000085800000, 0x0000000100000000)
  region size 1024K, 5 young (5120K), 5 survivors (5120K)
 Metaspace       used 69107K, committed 69696K, reserved 1114112K
  class space    used 7250K, committed 7488K, reserved 1048576K
}
Event: 9.840 GC heap before
{Heap before GC invocations=15 (full 0):
 garbage-first heap   total reserved 2007040K, committed 73728K, used 61396K [0x0000000085800000, 0x0000000100000000)
  region size 1024K, 33 young (33792K), 5 survivors (5120K)
 Metaspace       used 73073K, committed 73664K, reserved 1179648K
  class space    used 7714K, committed 7936K, reserved 1048576K
}
Event: 9.845 GC heap after
{Heap after GC invocations=16 (full 0):
 garbage-first heap   total reserved 2007040K, committed 73728K, used 35999K [0x0000000085800000, 0x0000000100000000)
  region size 1024K, 3 young (3072K), 3 survivors (3072K)
 Metaspace       used 73073K, committed 73664K, reserved 1179648K
  class space    used 7714K, committed 7936K, reserved 1048576K
}
Event: 10.430 GC heap before
{Heap before GC invocations=16 (full 0):
 garbage-first heap   total reserved 2007040K, committed 73728K, used 64671K [0x0000000085800000, 0x0000000100000000)
  region size 1024K, 31 young (31744K), 3 survivors (3072K)
 Metaspace       used 76179K, committed 76864K, reserved 1179648K
  class space    used 8098K, committed 8384K, reserved 1048576K
}
Event: 10.434 GC heap after
{Heap after GC invocations=17 (full 0):
 garbage-first heap   total reserved 2007040K, committed 73728K, used 38143K [0x0000000085800000, 0x0000000100000000)
  region size 1024K, 4 young (4096K), 4 survivors (4096K)
 Metaspace       used 76179K, committed 76864K, reserved 1179648K
  class space    used 8098K, committed 8384K, reserved 1048576K
}
Event: 11.074 GC heap before
{Heap before GC invocations=18 (full 0):
 garbage-first heap   total reserved 2007040K, committed 73728K, used 63743K [0x0000000085800000, 0x0000000100000000)
  region size 1024K, 29 young (29696K), 4 survivors (4096K)
 Metaspace       used 79798K, committed 80448K, reserved 1179648K
  class space    used 8755K, committed 9024K, reserved 1048576K
}
Event: 11.079 GC heap after
{Heap after GC invocations=19 (full 0):
 garbage-first heap   total reserved 2007040K, committed 73728K, used 41973K [0x0000000085800000, 0x0000000100000000)
  region size 1024K, 4 young (4096K), 4 survivors (4096K)
 Metaspace       used 79798K, committed 80448K, reserved 1179648K
  class space    used 8755K, committed 9024K, reserved 1048576K
}
Event: 11.157 GC heap before
{Heap before GC invocations=19 (full 0):
 garbage-first heap   total reserved 2007040K, committed 73728K, used 62453K [0x0000000085800000, 0x0000000100000000)
  region size 1024K, 25 young (25600K), 4 survivors (4096K)
 Metaspace       used 79825K, committed 80512K, reserved 1179648K
  class space    used 8755K, committed 9024K, reserved 1048576K
}
Event: 11.161 GC heap after
{Heap after GC invocations=20 (full 0):
 garbage-first heap   total reserved 2007040K, committed 73728K, used 41565K [0x0000000085800000, 0x0000000100000000)
  region size 1024K, 1 young (1024K), 1 survivors (1024K)
 Metaspace       used 79825K, committed 80512K, reserved 1179648K
  class space    used 8755K, committed 9024K, reserved 1048576K
}
Event: 113.347 GC heap before
{Heap before GC invocations=20 (full 0):
 garbage-first heap   total reserved 2007040K, committed 73728K, used 66141K [0x0000000085800000, 0x0000000100000000)
  region size 1024K, 26 young (26624K), 1 survivors (1024K)
 Metaspace       used 84085K, committed 84800K, reserved 1179648K
  class space    used 9245K, committed 9536K, reserved 1048576K
}
Event: 113.679 GC heap after
{Heap after GC invocations=21 (full 0):
 garbage-first heap   total reserved 2007040K, committed 73728K, used 43034K [0x0000000085800000, 0x0000000100000000)
  region size 1024K, 3 young (3072K), 3 survivors (3072K)
 Metaspace       used 84085K, committed 84800K, reserved 1179648K
  class space    used 9245K, committed 9536K, reserved 1048576K
}
Event: 1123.752 GC heap before
{Heap before GC invocations=22 (full 0):
 garbage-first heap   total reserved 2007040K, committed 73728K, used 64538K [0x0000000085800000, 0x0000000100000000)
  region size 1024K, 24 young (24576K), 3 survivors (3072K)
 Metaspace       used 85267K, committed 85952K, reserved 1179648K
  class space    used 9317K, committed 9600K, reserved 1048576K
}
Event: 1123.804 GC heap after
{Heap after GC invocations=23 (full 0):
 garbage-first heap   total reserved 2007040K, committed 73728K, used 43276K [0x0000000085800000, 0x0000000100000000)
  region size 1024K, 1 young (1024K), 1 survivors (1024K)
 Metaspace       used 85267K, committed 85952K, reserved 1179648K
  class space    used 9317K, committed 9600K, reserved 1048576K
}
Event: 1809.846 GC heap before
{Heap before GC invocations=23 (full 0):
 garbage-first heap   total reserved 2007040K, committed 73728K, used 65804K [0x0000000085800000, 0x0000000100000000)
  region size 1024K, 24 young (24576K), 1 survivors (1024K)
 Metaspace       used 86006K, committed 86720K, reserved 1179648K
  class space    used 9341K, committed 9664K, reserved 1048576K
}
Event: 1809.880 GC heap after
{Heap after GC invocations=24 (full 0):
 garbage-first heap   total reserved 2007040K, committed 73728K, used 43243K [0x0000000085800000, 0x0000000100000000)
  region size 1024K, 2 young (2048K), 2 survivors (2048K)
 Metaspace       used 86006K, committed 86720K, reserved 1179648K
  class space    used 9341K, committed 9664K, reserved 1048576K
}
Event: 3069.584 GC heap before
{Heap before GC invocations=24 (full 0):
 garbage-first heap   total reserved 2007040K, committed 73728K, used 64747K [0x0000000085800000, 0x0000000100000000)
  region size 1024K, 24 young (24576K), 2 survivors (2048K)
 Metaspace       used 86941K, committed 87616K, reserved 1179648K
  class space    used 9375K, committed 9664K, reserved 1048576K
}
Event: 3069.698 GC heap after
{Heap after GC invocations=25 (full 0):
 garbage-first heap   total reserved 2007040K, committed 73728K, used 43287K [0x0000000085800000, 0x0000000100000000)
  region size 1024K, 2 young (2048K), 2 survivors (2048K)
 Metaspace       used 86941K, committed 87616K, reserved 1179648K
  class space    used 9375K, committed 9664K, reserved 1048576K
}

