# JRE version: Java(TM) SE Runtime Environment (24.0.1+9) (build 24.0.1+9-30)
# Java VM: Java HotSpot(TM) 64-Bit Server VM (24.0.1+9-30, mixed mode, sharing, tiered, compressed oops, compressed class ptrs, g1 gc, windows-amd64)
GC Precious Log:
 CardTable entry size: 512
 Card Set container configuration: InlinePtr #cards 5 size 8 Array Of Cards #cards 10 size 36 Howl #buckets 4 coarsen threshold 1843 Howl Bitmap #cards 512 size 80 coarsen threshold 460 Card regions per heap region 1 cards per card region 2048
 CPUs: 8 total, 8 available
 Memory: 7834M
 Large Page Support: Disabled
 NUMA Support: Disabled
 Compressed Oops: Enabled (32-bit)
 Heap Region Size: 1M
 Heap Min Capacity: 8M
 Heap Initial Capacity: 124M
 Heap Max Capacity: 1960M
 Pre-touch: Disabled
 Parallel Workers: 8
 Concurrent Workers: 2
 Concurrent Refinement Workers: 8
 Periodic GC: Disabled
Heap:
 garbage-first heap   total reserved 2007040K, committed 89088K, used 58902K [0x0000000085800000, 0x0000000100000000)
  region size 1024K, 21 young (21504K), 3 survivors (3072K)
 Metaspace       used 84941K, committed 85632K, reserved 1179648K
  class space    used 9366K, committed 9664K, reserved 1048576K
GC Heap History (20 events):
Event: 2.834 GC heap before
{Heap before GC invocations=6 (full 0):
 garbage-first heap   total reserved 2007040K, committed 61440K, used 36669K [0x0000000085800000, 0x0000000100000000)
  region size 1024K, 16 young (16384K), 2 survivors (2048K)
 Metaspace       used 35535K, committed 35968K, reserved 1114112K
  class space    used 3646K, committed 3840K, reserved 1048576K
}
Event: 2.837 GC heap after
{Heap after GC invocations=7 (full 0):
 garbage-first heap   total reserved 2007040K, committed 61440K, used 23782K [0x0000000085800000, 0x0000000100000000)
  region size 1024K, 3 young (3072K), 3 survivors (3072K)
 Metaspace       used 35535K, committed 35968K, reserved 1114112K
  class space    used 3646K, committed 3840K, reserved 1048576K
}
Event: 3.322 GC heap before
{Heap before GC invocations=8 (full 0):
 garbage-first heap   total reserved 2007040K, committed 61440K, used 48358K [0x0000000085800000, 0x0000000100000000)
  region size 1024K, 28 young (28672K), 3 survivors (3072K)
 Metaspace       used 43279K, committed 43712K, reserved 1114112K
  class space    used 4481K, committed 4672K, reserved 1048576K
}
Event: 3.328 GC heap after
{Heap after GC invocations=9 (full 0):
 garbage-first heap   total reserved 2007040K, committed 61440K, used 26183K [0x0000000085800000, 0x0000000100000000)
  region size 1024K, 3 young (3072K), 3 survivors (3072K)
 Metaspace       used 43279K, committed 43712K, reserved 1114112K
  class space    used 4481K, committed 4672K, reserved 1048576K
}
Event: 3.960 GC heap before
{Heap before GC invocations=9 (full 0):
 garbage-first heap   total reserved 2007040K, committed 61440K, used 49735K [0x0000000085800000, 0x0000000100000000)
  region size 1024K, 27 young (27648K), 3 survivors (3072K)
 Metaspace       used 51486K, committed 51968K, reserved 1114112K
  class space    used 5263K, committed 5504K, reserved 1048576K
}
Event: 3.968 GC heap after
{Heap after GC invocations=10 (full 0):
 garbage-first heap   total reserved 2007040K, committed 73728K, used 28166K [0x0000000085800000, 0x0000000100000000)
  region size 1024K, 3 young (3072K), 3 survivors (3072K)
 Metaspace       used 51486K, committed 51968K, reserved 1114112K
  class space    used 5263K, committed 5504K, reserved 1048576K
}
Event: 4.411 GC heap before
{Heap before GC invocations=10 (full 0):
 garbage-first heap   total reserved 2007040K, committed 73728K, used 59910K [0x0000000085800000, 0x0000000100000000)
  region size 1024K, 35 young (35840K), 3 survivors (3072K)
 Metaspace       used 59712K, committed 60224K, reserved 1114112K
  class space    used 6184K, committed 6400K, reserved 1048576K
}
Event: 4.415 GC heap after
{Heap after GC invocations=11 (full 0):
 garbage-first heap   total reserved 2007040K, committed 73728K, used 29941K [0x0000000085800000, 0x0000000100000000)
  region size 1024K, 4 young (4096K), 4 survivors (4096K)
 Metaspace       used 59712K, committed 60224K, reserved 1114112K
  class space    used 6184K, committed 6400K, reserved 1048576K
}
Event: 4.486 GC heap before
{Heap before GC invocations=11 (full 0):
 garbage-first heap   total reserved 2007040K, committed 73728K, used 40181K [0x0000000085800000, 0x0000000100000000)
  region size 1024K, 15 young (15360K), 4 survivors (4096K)
 Metaspace       used 59975K, committed 60416K, reserved 1114112K
  class space    used 6205K, committed 6400K, reserved 1048576K
}
Event: 4.490 GC heap after
{Heap after GC invocations=12 (full 0):
 garbage-first heap   total reserved 2007040K, committed 73728K, used 30184K [0x0000000085800000, 0x0000000100000000)
  region size 1024K, 2 young (2048K), 2 survivors (2048K)
 Metaspace       used 59975K, committed 60416K, reserved 1114112K
  class space    used 6205K, committed 6400K, reserved 1048576K
}
Event: 4.978 GC heap before
{Heap before GC invocations=13 (full 0):
 garbage-first heap   total reserved 2007040K, committed 73728K, used 65000K [0x0000000085800000, 0x0000000100000000)
  region size 1024K, 36 young (36864K), 2 survivors (2048K)
 Metaspace       used 66596K, committed 67136K, reserved 1114112K
  class space    used 6941K, committed 7168K, reserved 1048576K
}
Event: 4.983 GC heap after
{Heap after GC invocations=14 (full 0):
 garbage-first heap   total reserved 2007040K, committed 73728K, used 32013K [0x0000000085800000, 0x0000000100000000)
  region size 1024K, 4 young (4096K), 4 survivors (4096K)
 Metaspace       used 66596K, committed 67136K, reserved 1114112K
  class space    used 6941K, committed 7168K, reserved 1048576K
}
Event: 5.371 GC heap before
{Heap before GC invocations=14 (full 0):
 garbage-first heap   total reserved 2007040K, committed 73728K, used 63757K [0x0000000085800000, 0x0000000100000000)
  region size 1024K, 35 young (35840K), 4 survivors (4096K)
 Metaspace       used 69754K, committed 70272K, reserved 1114112K
  class space    used 7321K, committed 7552K, reserved 1048576K
}
Event: 5.375 GC heap after
{Heap after GC invocations=15 (full 0):
 garbage-first heap   total reserved 2007040K, committed 73728K, used 34182K [0x0000000085800000, 0x0000000100000000)
  region size 1024K, 5 young (5120K), 5 survivors (5120K)
 Metaspace       used 69754K, committed 70272K, reserved 1114112K
  class space    used 7321K, committed 7552K, reserved 1048576K
}
Event: 5.781 GC heap before
{Heap before GC invocations=15 (full 0):
 garbage-first heap   total reserved 2007040K, committed 73728K, used 61830K [0x0000000085800000, 0x0000000100000000)
  region size 1024K, 33 young (33792K), 5 survivors (5120K)
 Metaspace       used 73519K, committed 74048K, reserved 1179648K
  class space    used 7780K, committed 8000K, reserved 1048576K
}
Event: 5.785 GC heap after
{Heap after GC invocations=16 (full 0):
 garbage-first heap   total reserved 2007040K, committed 89088K, used 36323K [0x0000000085800000, 0x0000000100000000)
  region size 1024K, 5 young (5120K), 5 survivors (5120K)
 Metaspace       used 73519K, committed 74048K, reserved 1179648K
  class space    used 7780K, committed 8000K, reserved 1048576K
}
Event: 6.506 GC heap before
{Heap before GC invocations=16 (full 0):
 garbage-first heap   total reserved 2007040K, committed 89088K, used 78307K [0x0000000085800000, 0x0000000100000000)
  region size 1024K, 46 young (47104K), 5 survivors (5120K)
 Metaspace       used 79136K, committed 79808K, reserved 1179648K
  class space    used 8485K, committed 8768K, reserved 1048576K
}
Event: 6.511 GC heap after
{Heap after GC invocations=17 (full 0):
 garbage-first heap   total reserved 2007040K, committed 89088K, used 39749K [0x0000000085800000, 0x0000000100000000)
  region size 1024K, 6 young (6144K), 6 survivors (6144K)
 Metaspace       used 79136K, committed 79808K, reserved 1179648K
  class space    used 8485K, committed 8768K, reserved 1048576K
}
Event: 84.997 GC heap before
{Heap before GC invocations=17 (full 0):
 garbage-first heap   total reserved 2007040K, committed 89088K, used 76613K [0x0000000085800000, 0x0000000100000000)
  region size 1024K, 42 young (43008K), 6 survivors (6144K)
 Metaspace       used 82226K, committed 82944K, reserved 1179648K
  class space    used 8994K, committed 9280K, reserved 1048576K
}
Event: 85.081 GC heap after
{Heap after GC invocations=18 (full 0):
 garbage-first heap   total reserved 2007040K, committed 89088K, used 41494K [0x0000000085800000, 0x0000000100000000)
  region size 1024K, 3 young (3072K), 3 survivors (3072K)
 Metaspace       used 82226K, committed 82944K, reserved 1179648K
  class space    used 8994K, committed 9280K, reserved 1048576K
}

