# JRE version: Java(TM) SE Runtime Environment (24.0.1+9) (build 24.0.1+9-30)
# Java VM: Java HotSpot(TM) 64-Bit Server VM (24.0.1+9-30, mixed mode, sharing, tiered, compressed oops, compressed class ptrs, g1 gc, windows-amd64)
GC Precious Log:
 CardTable entry size: 512
 Card Set container configuration: InlinePtr #cards 5 size 8 Array Of Cards #cards 10 size 36 Howl #buckets 4 coarsen threshold 1843 Howl Bitmap #cards 512 size 80 coarsen threshold 460 Card regions per heap region 1 cards per card region 2048
 CPUs: 8 total, 8 available
 Memory: 7834M
 Large Page Support: Disabled
 NUMA Support: Disabled
 Compressed Oops: Enabled (32-bit)
 Heap Region Size: 1M
 Heap Min Capacity: 8M
 Heap Initial Capacity: 124M
 Heap Max Capacity: 1960M
 Pre-touch: Disabled
 Parallel Workers: 8
 Concurrent Workers: 2
 Concurrent Refinement Workers: 8
 Periodic GC: Disabled
Heap:
 garbage-first heap   total reserved 2007040K, committed 108544K, used 48646K [0x0000000085800000, 0x0000000100000000)
  region size 1024K, 5 young (5120K), 5 survivors (5120K)
 Metaspace       used 87141K, committed 87872K, reserved 1179648K
  class space    used 9205K, committed 9536K, reserved 1048576K
GC Heap History (20 events):
Event: 2.875 GC heap after
{Heap after GC invocations=6 (full 0):
 garbage-first heap   total reserved 2007040K, committed 258048K, used 24966K [0x0000000085800000, 0x0000000100000000)
  region size 1024K, 5 young (5120K), 5 survivors (5120K)
 Metaspace       used 17151K, committed 17472K, reserved 1114112K
  class space    used 1645K, committed 1792K, reserved 1048576K
}
Event: 3.764 GC heap before
{Heap before GC invocations=6 (full 0):
 garbage-first heap   total reserved 2007040K, committed 258048K, used 106886K [0x0000000085800000, 0x0000000100000000)
  region size 1024K, 60 young (61440K), 5 survivors (5120K)
 Metaspace       used 21108K, committed 21504K, reserved 1114112K
  class space    used 1990K, committed 2176K, reserved 1048576K
}
Event: 3.772 GC heap after
{Heap after GC invocations=7 (full 0):
 garbage-first heap   total reserved 2007040K, committed 258048K, used 26263K [0x0000000085800000, 0x0000000100000000)
  region size 1024K, 12 young (12288K), 12 survivors (12288K)
 Metaspace       used 21108K, committed 21504K, reserved 1114112K
  class space    used 1990K, committed 2176K, reserved 1048576K
}
Event: 5.214 GC heap before
{Heap before GC invocations=8 (full 0):
 garbage-first heap   total reserved 2007040K, committed 92160K, used 90775K [0x0000000085800000, 0x0000000100000000)
  region size 1024K, 75 young (76800K), 12 survivors (12288K)
 Metaspace       used 33699K, committed 34176K, reserved 1114112K
  class space    used 3566K, committed 3776K, reserved 1048576K
}
Event: 5.222 GC heap after
{Heap after GC invocations=9 (full 0):
 garbage-first heap   total reserved 2007040K, committed 108544K, used 30578K [0x0000000085800000, 0x0000000100000000)
  region size 1024K, 13 young (13312K), 13 survivors (13312K)
 Metaspace       used 33699K, committed 34176K, reserved 1114112K
  class space    used 3566K, committed 3776K, reserved 1048576K
}
Event: 5.360 GC heap before
{Heap before GC invocations=9 (full 0):
 garbage-first heap   total reserved 2007040K, committed 108544K, used 37746K [0x0000000085800000, 0x0000000100000000)
  region size 1024K, 21 young (21504K), 13 survivors (13312K)
 Metaspace       used 35731K, committed 36096K, reserved 1114112K
  class space    used 3729K, committed 3904K, reserved 1048576K
}
Event: 5.367 GC heap after
{Heap after GC invocations=10 (full 0):
 garbage-first heap   total reserved 2007040K, committed 108544K, used 31499K [0x0000000085800000, 0x0000000100000000)
  region size 1024K, 5 young (5120K), 5 survivors (5120K)
 Metaspace       used 35731K, committed 36096K, reserved 1114112K
  class space    used 3729K, committed 3904K, reserved 1048576K
}
Event: 5.386 GC heap before
{Heap before GC invocations=10 (full 0):
 garbage-first heap   total reserved 2007040K, committed 108544K, used 31499K [0x0000000085800000, 0x0000000100000000)
  region size 1024K, 6 young (6144K), 5 survivors (5120K)
 Metaspace       used 35959K, committed 36416K, reserved 1114112K
  class space    used 3751K, committed 3968K, reserved 1048576K
}
Event: 5.391 GC heap after
{Heap after GC invocations=11 (full 0):
 garbage-first heap   total reserved 2007040K, committed 108544K, used 31855K [0x0000000085800000, 0x0000000100000000)
  region size 1024K, 2 young (2048K), 2 survivors (2048K)
 Metaspace       used 35959K, committed 36416K, reserved 1114112K
  class space    used 3751K, committed 3968K, reserved 1048576K
}
Event: 6.330 GC heap before
{Heap before GC invocations=12 (full 0):
 garbage-first heap   total reserved 2007040K, committed 108544K, used 86127K [0x0000000085800000, 0x0000000100000000)
  region size 1024K, 55 young (56320K), 2 survivors (2048K)
 Metaspace       used 44658K, committed 45120K, reserved 1114112K
  class space    used 4539K, committed 4736K, reserved 1048576K
}
Event: 6.337 GC heap after
{Heap after GC invocations=13 (full 0):
 garbage-first heap   total reserved 2007040K, committed 108544K, used 35669K [0x0000000085800000, 0x0000000100000000)
  region size 1024K, 5 young (5120K), 5 survivors (5120K)
 Metaspace       used 44658K, committed 45120K, reserved 1114112K
  class space    used 4539K, committed 4736K, reserved 1048576K
}
Event: 7.773 GC heap before
{Heap before GC invocations=13 (full 0):
 garbage-first heap   total reserved 2007040K, committed 108544K, used 88917K [0x0000000085800000, 0x0000000100000000)
  region size 1024K, 57 young (58368K), 5 survivors (5120K)
 Metaspace       used 52284K, committed 52864K, reserved 1114112K
  class space    used 5417K, committed 5696K, reserved 1048576K
}
Event: 7.792 GC heap after
{Heap after GC invocations=14 (full 0):
 garbage-first heap   total reserved 2007040K, committed 108544K, used 39119K [0x0000000085800000, 0x0000000100000000)
  region size 1024K, 4 young (4096K), 4 survivors (4096K)
 Metaspace       used 52284K, committed 52864K, reserved 1114112K
  class space    used 5417K, committed 5696K, reserved 1048576K
}
Event: 8.502 GC heap before
{Heap before GC invocations=14 (full 0):
 garbage-first heap   total reserved 2007040K, committed 108544K, used 64719K [0x0000000085800000, 0x0000000100000000)
  region size 1024K, 30 young (30720K), 4 survivors (4096K)
 Metaspace       used 60484K, committed 61056K, reserved 1114112K
  class space    used 6235K, committed 6464K, reserved 1048576K
}
Event: 8.512 GC heap after
{Heap after GC invocations=15 (full 0):
 garbage-first heap   total reserved 2007040K, committed 108544K, used 41216K [0x0000000085800000, 0x0000000100000000)
  region size 1024K, 6 young (6144K), 6 survivors (6144K)
 Metaspace       used 60484K, committed 61056K, reserved 1114112K
  class space    used 6235K, committed 6464K, reserved 1048576K
}
Event: 10.126 GC heap before
{Heap before GC invocations=16 (full 0):
 garbage-first heap   total reserved 2007040K, committed 108544K, used 91392K [0x0000000085800000, 0x0000000100000000)
  region size 1024K, 56 young (57344K), 6 survivors (6144K)
 Metaspace       used 73060K, committed 73664K, reserved 1179648K
  class space    used 7506K, committed 7744K, reserved 1048576K
}
Event: 10.139 GC heap after
{Heap after GC invocations=17 (full 0):
 garbage-first heap   total reserved 2007040K, committed 108544K, used 43793K [0x0000000085800000, 0x0000000100000000)
  region size 1024K, 5 young (5120K), 5 survivors (5120K)
 Metaspace       used 73060K, committed 73664K, reserved 1179648K
  class space    used 7506K, committed 7744K, reserved 1048576K
}
Event: 11.155 GC heap before
{Heap before GC invocations=17 (full 0):
 garbage-first heap   total reserved 2007040K, committed 108544K, used 94993K [0x0000000085800000, 0x0000000100000000)
  region size 1024K, 55 young (56320K), 5 survivors (5120K)
 Metaspace       used 80378K, committed 81088K, reserved 1179648K
  class space    used 8425K, committed 8768K, reserved 1048576K
}
Event: 11.168 GC heap after
{Heap after GC invocations=18 (full 0):
 garbage-first heap   total reserved 2007040K, committed 108544K, used 45589K [0x0000000085800000, 0x0000000100000000)
  region size 1024K, 5 young (5120K), 5 survivors (5120K)
 Metaspace       used 80378K, committed 81088K, reserved 1179648K
  class space    used 8425K, committed 8768K, reserved 1048576K
}
Event: 12.273 GC heap before
{Heap before GC invocations=18 (full 0):
 garbage-first heap   total reserved 2007040K, committed 108544K, used 95765K [0x0000000085800000, 0x0000000100000000)
  region size 1024K, 55 young (56320K), 5 survivors (5120K)
 Metaspace       used 87141K, committed 87872K, reserved 1179648K
  class space    used 9205K, committed 9536K, reserved 1048576K
}

