# JRE version: Java(TM) SE Runtime Environment (24.0.1+9) (build 24.0.1+9-30)
# Java VM: Java HotSpot(TM) 64-Bit Server VM (24.0.1+9-30, mixed mode, sharing, tiered, compressed oops, compressed class ptrs, g1 gc, windows-amd64)
GC Precious Log:
 CardTable entry size: 512
 Card Set container configuration: InlinePtr #cards 5 size 8 Array Of Cards #cards 10 size 36 Howl #buckets 4 coarsen threshold 1843 Howl Bitmap #cards 512 size 80 coarsen threshold 460 Card regions per heap region 1 cards per card region 2048
 CPUs: 8 total, 8 available
 Memory: 7834M
 Large Page Support: Disabled
 NUMA Support: Disabled
 Compressed Oops: Enabled (32-bit)
 Heap Region Size: 1M
 Heap Min Capacity: 8M
 Heap Initial Capacity: 124M
 Heap Max Capacity: 1960M
 Pre-touch: Disabled
 Parallel Workers: 8
 Concurrent Workers: 2
 Concurrent Refinement Workers: 8
 Periodic GC: Disabled
Heap:
 garbage-first heap   total reserved 2007040K, committed 129024K, used 25303K [0x0000000085800000, 0x0000000100000000)
  region size 1024K, 5 young (5120K), 5 survivors (5120K)
 Metaspace       used 17338K, committed 17600K, reserved 1114112K
  class space    used 1659K, committed 1792K, reserved 1048576K
GC Heap History (11 events):
Event: 1.468 GC heap before
{Heap before GC invocations=0 (full 0):
 garbage-first heap   total reserved 2007040K, committed 129024K, used 49268K [0x0000000085800000, 0x0000000100000000)
  region size 1024K, 47 young (48128K), 0 survivors (0K)
 Metaspace       used 9364K, committed 9600K, reserved 1114112K
  class space    used 844K, committed 960K, reserved 1048576K
}
Event: 1.477 GC heap after
{Heap after GC invocations=1 (full 0):
 garbage-first heap   total reserved 2007040K, committed 129024K, used 5748K [0x0000000085800000, 0x0000000100000000)
  region size 1024K, 5 young (5120K), 5 survivors (5120K)
 Metaspace       used 9364K, committed 9600K, reserved 1114112K
  class space    used 844K, committed 960K, reserved 1048576K
}
Event: 2.904 GC heap before
{Heap before GC invocations=1 (full 0):
 garbage-first heap   total reserved 2007040K, committed 129024K, used 60020K [0x0000000085800000, 0x0000000100000000)
  region size 1024K, 58 young (59392K), 5 survivors (5120K)
 Metaspace       used 15411K, committed 15744K, reserved 1114112K
  class space    used 1513K, committed 1664K, reserved 1048576K
}
Event: 2.925 GC heap after
{Heap after GC invocations=2 (full 0):
 garbage-first heap   total reserved 2007040K, committed 129024K, used 12418K [0x0000000085800000, 0x0000000100000000)
  region size 1024K, 7 young (7168K), 7 survivors (7168K)
 Metaspace       used 15411K, committed 15744K, reserved 1114112K
  class space    used 1513K, committed 1664K, reserved 1048576K
}
Event: 4.308 GC heap before
{Heap before GC invocations=2 (full 0):
 garbage-first heap   total reserved 2007040K, committed 129024K, used 71810K [0x0000000085800000, 0x0000000100000000)
  region size 1024K, 65 young (66560K), 7 survivors (7168K)
 Metaspace       used 16218K, committed 16448K, reserved 1114112K
  class space    used 1541K, committed 1664K, reserved 1048576K
}
Event: 4.327 GC heap after
{Heap after GC invocations=3 (full 0):
 garbage-first heap   total reserved 2007040K, committed 129024K, used 16603K [0x0000000085800000, 0x0000000100000000)
  region size 1024K, 4 young (4096K), 4 survivors (4096K)
 Metaspace       used 16218K, committed 16448K, reserved 1114112K
  class space    used 1541K, committed 1664K, reserved 1048576K
}
Event: 4.788 GC heap before
{Heap before GC invocations=3 (full 0):
 garbage-first heap   total reserved 2007040K, committed 129024K, used 77019K [0x0000000085800000, 0x0000000100000000)
  region size 1024K, 24 young (24576K), 4 survivors (4096K)
 Metaspace       used 17322K, committed 17600K, reserved 1114112K
  class space    used 1658K, committed 1792K, reserved 1048576K
}
Event: 4.794 GC heap after
{Heap after GC invocations=4 (full 0):
 garbage-first heap   total reserved 2007040K, committed 129024K, used 25306K [0x0000000085800000, 0x0000000100000000)
  region size 1024K, 5 young (5120K), 5 survivors (5120K)
 Metaspace       used 17322K, committed 17600K, reserved 1114112K
  class space    used 1658K, committed 1792K, reserved 1048576K
}
Event: 4.803 GC heap before
{Heap before GC invocations=4 (full 0):
 garbage-first heap   total reserved 2007040K, committed 129024K, used 58074K [0x0000000085800000, 0x0000000100000000)
  region size 1024K, 6 young (6144K), 5 survivors (5120K)
 Metaspace       used 17338K, committed 17600K, reserved 1114112K
  class space    used 1659K, committed 1792K, reserved 1048576K
}
Event: 4.808 GC heap after
{Heap after GC invocations=5 (full 0):
 garbage-first heap   total reserved 2007040K, committed 129024K, used 25303K [0x0000000085800000, 0x0000000100000000)
  region size 1024K, 5 young (5120K), 5 survivors (5120K)
 Metaspace       used 17338K, committed 17600K, reserved 1114112K
  class space    used 1659K, committed 1792K, reserved 1048576K
}
Event: 4.811 GC heap before
{Heap before GC invocations=5 (full 0):
 garbage-first heap   total reserved 2007040K, committed 129024K, used 58071K [0x0000000085800000, 0x0000000100000000)
  region size 1024K, 6 young (6144K), 5 survivors (5120K)
 Metaspace       used 17338K, committed 17600K, reserved 1114112K
  class space    used 1659K, committed 1792K, reserved 1048576K
}

